{"caller":"api_unico/controllers.GetFeiras","file":"/home/diogo.carasco/diogo/api_unico/controllers/feiras.go:35","level":"debug","message":"[{{0 0001-01-01 00:00:00 +0000 UTC 0001-01-01 00:00:00 +0000 UTC {0001-01-01 00:00:00 +0000 UTC false}} 1 -4.6550164e+07 -2.3558733e+07 355030885000091 3550308005040 87 VILA FORMOSA 26 ARICANDUVA-FORMOSA-CARRAO Leste Leste 1 VILA FORMOSA 4041-0 RUA MARAGOJIPE S/N VL FORMOSA TV RUA PRETORIA}]","timestamp":"2021-08-25T16:05:39-03:00"}
{"caller":"api_unico/utils.ImportFile","file":"/home/diogo.carasco/diogo/api_unico/utils/import.go:15","level":"debug","message":"DEINFO_AB_FEIRASLIVRES_2014.csv","timestamp":"2021-08-25T17:35:21-03:00"}
{"caller":"api_unico/utils.ImportFile","file":"/home/diogo.carasco/diogo/api_unico/utils/import.go:15","level":"debug","message":"DEINFO_AB_FEIRASLIVRES_2014.csv","timestamp":"2021-08-25T17:36:29-03:00"}
{"caller":"api_unico/utils.ImportFile","file":"/home/diogo.carasco/diogo/api_unico/utils/import.go:20","level":"debug","message":"Proccessing data/import/DEINFO_AB_FEIRASLIVRES_2014.csv","timestamp":"2021-08-25T17:48:20-03:00"}
{"caller":"api_unico/utils.ImportFile","file":"/home/diogo.carasco/diogo/api_unico/utils/import.go:20","level":"debug","message":"Proccessing data/import/DEINFO_AB_FEIRASLIVRES_2014.csv","timestamp":"2021-08-25T17:49:09-03:00"}
{"caller":"api_unico/utils.ImportFile","file":"/home/diogo.carasco/diogo/api_unico/utils/import.go:20","level":"debug","message":"Proccessing data/import/DEINFO_AB_FEIRASLIVRES_2014.csv","timestamp":"2021-08-25T17:50:07-03:00"}
{"caller":"api_unico/utils.ImportFile","file":"/home/diogo.carasco/diogo/api_unico/utils/import.go:24","level":"debug","message":"open filename: no such file or directory","timestamp":"2021-08-25T17:50:07-03:00"}
{"caller":"api_unico/utils.ImportFile","file":"/home/diogo.carasco/diogo/api_unico/utils/import.go:20","level":"debug","message":"Proccessing data/import/DEINFO_AB_FEIRASLIVRES_2014.csv","timestamp":"2021-08-25T17:50:25-03:00"}
{"caller":"api_unico/utils.ImportFile","file":"/home/diogo.carasco/diogo/api_unico/utils/import.go:20","level":"debug","message":"Proccessing data/import/DEINFO_AB_FEIRASLIVRES_2014.csv","timestamp":"2021-08-25T17:50:57-03:00"}
{"caller":"api_unico/utils.ImportFile","file":"/home/diogo.carasco/diogo/api_unico/utils/import.go:21","level":"debug","message":"Proccessing data/import/DEINFO_AB_FEIRASLIVRES_2014.csv","timestamp":"2021-08-25T18:03:10-03:00"}
{"caller":"api_unico/utils.ImportFile","file":"/home/diogo.carasco/diogo/api_unico/utils/import.go:21","level":"debug","message":"Proccessing data/import/DEINFO_AB_FEIRASLIVRES_2014.csv","timestamp":"2021-08-25T18:03:43-03:00"}
{"caller":"api_unico/utils.ImportFile","file":"/home/diogo.carasco/diogo/api_unico/utils/import.go:24","level":"debug","message":"Proccessing data/import/DEINFO_AB_FEIRASLIVRES_2014.csv","timestamp":"2021-08-25T18:46:26-03:00"}
{"caller":"api_unico/utils.ImportFile","file":"/home/diogo.carasco/diogo/api_unico/utils/import.go:24","level":"debug","message":"Proccessing data/import/DEINFO_AB_FEIRASLIVRES_2014.csv","timestamp":"2021-08-25T18:46:58-03:00"}
{"caller":"api_unico/utils.ImportFile","file":"/home/diogo.carasco/diogo/api_unico/utils/import.go:24","level":"debug","message":"Proccessing data/import/DEINFO_AB_FEIRASLIVRES_2014.csv","timestamp":"2021-08-25T18:49:27-03:00"}
{"caller":"api_unico/utils.ImportFile","file":"/home/diogo.carasco/diogo/api_unico/utils/import.go:35","level":"debug","message":"record on line 881: wrong number of fields","timestamp":"2021-08-25T18:49:27-03:00"}
{"caller":"api_unico/utils.ImportFile","file":"/home/diogo.carasco/diogo/api_unico/utils/import.go:24","level":"debug","message":"Proccessing data/import/DEINFO_AB_FEIRASLIVRES_2014.csv","timestamp":"2021-08-25T18:52:05-03:00"}
{"caller":"api_unico/utils.ImportFile","file":"/home/diogo.carasco/diogo/api_unico/utils/import.go:24","level":"debug","message":"Proccessing data/import/DEINFO_AB_FEIRASLIVRES_2014.csv","timestamp":"2021-08-25T18:58:18-03:00"}
{"caller":"api_unico/utils.ImportFile","file":"/home/diogo.carasco/diogo/api_unico/utils/import.go:24","level":"debug","message":"Proccessing data/import/DEINFO_AB_FEIRASLIVRES_2014.csv","timestamp":"2021-08-25T18:59:45-03:00"}
{"caller":"api_unico/utils.ImportFile","file":"/home/diogo.carasco/diogo/api_unico/utils/import.go:24","level":"debug","message":"Proccessing data/import/DEINFO_AB_FEIRASLIVRES_2014.csv","timestamp":"2021-08-25T19:00:24-03:00"}
{"caller":"api_unico/utils.ImportFile","file":"/home/diogo.carasco/diogo/api_unico/utils/import.go:24","level":"debug","message":"Proccessing data/import/DEINFO_AB_FEIRASLIVRES_2014.csv","timestamp":"2021-08-25T19:02:53-03:00"}
{"caller":"api_unico/utils.ImportFile","file":"/home/diogo.carasco/diogo/api_unico/utils/import.go:24","level":"debug","message":"Proccessing data/import/DEINFO_AB_FEIRASLIVRES_2014.csv","timestamp":"2021-08-25T19:03:52-03:00"}
{"caller":"api_unico/utils.ImportFile","file":"/home/diogo.carasco/diogo/api_unico/utils/import.go:24","level":"debug","message":"Proccessing data/import/DEINFO_AB_FEIRASLIVRES_2014.csv","timestamp":"2021-08-25T19:06:08-03:00"}
{"caller":"api_unico/utils.ImportFile","file":"/home/diogo.carasco/diogo/api_unico/utils/import.go:24","level":"debug","message":"Proccessing data/import/DEINFO_AB_FEIRASLIVRES_2014.csv","timestamp":"2021-08-25T19:07:31-03:00"}
{"caller":"api_unico/utils.ImportFile","file":"/home/diogo.carasco/diogo/api_unico/utils/import.go:24","level":"debug","message":"Proccessing data/import/DEINFO_AB_FEIRASLIVRES_2014.csv","timestamp":"2021-08-25T19:14:16-03:00"}
{"caller":"api_unico/utils.ImportFile","file":"/home/diogo.carasco/diogo/api_unico/utils/import.go:25","level":"debug","message":"Proccessing data/import/DEINFO_AB_FEIRASLIVRES_2014.csv","timestamp":"2021-08-25T19:14:46-03:00"}
{"caller":"api_unico/utils.ImportFile","file":"/home/diogo.carasco/diogo/api_unico/utils/import.go:25","level":"debug","message":"Proccessing data/import/DEINFO_AB_FEIRASLIVRES_2014.csv","timestamp":"2021-08-25T19:18:33-03:00"}
{"caller":"api_unico/controllers.ImportFeiras","file":"/home/diogo.carasco/diogo/api_unico/controllers/feiras.go:142","level":"debug","message":"Error 1062: Duplicate entry '1' for key 'PRIMARY'","timestamp":"2021-08-25T19:18:33-03:00"}
{"caller":"api_unico/utils.ImportFile","file":"/home/diogo.carasco/diogo/api_unico/utils/import.go:25","level":"debug","message":"Proccessing data/import/DEINFO_AB_FEIRASLIVRES_2014.csv","timestamp":"2021-08-25T19:18:58-03:00"}
{"caller":"api_unico/controllers.ImportFeiras","file":"/home/diogo.carasco/diogo/api_unico/controllers/feiras.go:142","level":"debug","message":"\u003cnil\u003e","timestamp":"2021-08-25T19:18:58-03:00"}
{"caller":"api_unico/utils.ImportFile","file":"/home/diogo.carasco/diogo/api_unico/utils/import.go:25","level":"debug","message":"Proccessing data/import/DEINFO_AB_FEIRASLIVRES_2014.csv","timestamp":"2021-08-25T19:20:35-03:00"}
{"caller":"api_unico/utils.ImportFile","file":"/home/diogo.carasco/diogo/api_unico/utils/import.go:25","level":"debug","message":"Proccessing data/import/DEINFO_AB_FEIRASLIVRES_2014.csv","timestamp":"2021-08-25T19:21:25-03:00"}
{"caller":"api_unico/utils.ImportFile","file":"/home/diogo.carasco/diogo/api_unico/utils/import.go:25","level":"debug","message":"Proccessing data/import/DEINFO_AB_FEIRASLIVRES_2014.csv","timestamp":"2021-08-25T19:24:18-03:00"}
{"caller":"api_unico/controllers.ImportFeiras","file":"/home/diogo.carasco/diogo/api_unico/controllers/feiras.go:144","level":"debug","message":"Error 1062: Duplicate entry '1' for key 'PRIMARY'","timestamp":"2021-08-25T19:24:18-03:00"}
{"caller":"api_unico/utils.ImportFile","file":"/home/diogo.carasco/diogo/api_unico/utils/import.go:25","level":"debug","message":"Proccessing data/import/DEINFO_AB_FEIRASLIVRES_2014.csv","timestamp":"2021-08-25T19:24:43-03:00"}
{"caller":"api_unico/utils.ImportFile","file":"/home/diogo.carasco/diogo/api_unico/utils/import.go:25","level":"debug","message":"Proccessing data/import/DEINFO_AB_FEIRASLIVRES_2014.csv","timestamp":"2021-08-25T19:24:55-03:00"}
{"caller":"api_unico/controllers.ImportFeiras","file":"/home/diogo.carasco/diogo/api_unico/controllers/feiras.go:144","level":"debug","message":"Error 1062: Duplicate entry '1' for key 'PRIMARY'","timestamp":"2021-08-25T19:24:55-03:00"}
